<?xml version="1.0" encoding="UTF-8"?>
<testng-results ignored="0" total="1" passed="1" failed="0" skipped="0">
  <reporter-output>
  </reporter-output>
  <suite started-at="2024-04-10T17:37:38 IST" name="Default suite" finished-at="2024-04-10T17:37:50 IST" duration-ms="12156">
    <groups>
    </groups>
    <test started-at="2024-04-10T17:37:38 IST" name="Default test" finished-at="2024-04-10T17:37:50 IST" duration-ms="12156">
      <class name="Practice.Checkbox">
        <test-method signature="verifycheckbox()[pri:0, instance:Practice.Checkbox@c33b74f]" started-at="2024-04-10T17:37:38 IST" name="verifycheckbox" finished-at="2024-04-10T17:37:50 IST" duration-ms="12102" status="PASS">
          <reporter-output>
          </reporter-output>
        </test-method> <!-- verifycheckbox -->
      </class> <!-- Practice.Checkbox -->
    </test> <!-- Default test -->
  </suite> <!-- Default suite -->
</testng-results>
