<?xml version="1.0" encoding="UTF-8"?>
<testng-results ignored="0" total="1" passed="1" failed="0" skipped="0">
  <reporter-output>
  </reporter-output>
  <suite started-at="2024-04-12T14:32:31 IST" name="Default suite" finished-at="2024-04-12T14:32:50 IST" duration-ms="19425">
    <groups>
    </groups>
    <test started-at="2024-04-12T14:32:31 IST" name="Default test" finished-at="2024-04-12T14:32:50 IST" duration-ms="19425">
      <class name="Practice.WebtableSumofprice">
        <test-method signature="verifysumofamount()[pri:0, instance:Practice.WebtableSumofprice@c33b74f]" started-at="2024-04-12T14:32:31 IST" name="verifysumofamount" finished-at="2024-04-12T14:32:50 IST" duration-ms="19374" status="PASS">
          <reporter-output>
          </reporter-output>
        </test-method> <!-- verifysumofamount -->
      </class> <!-- Practice.WebtableSumofprice -->
    </test> <!-- Default test -->
  </suite> <!-- Default suite -->
</testng-results>
